<?xml version="1.0" encoding="UTF-8"?>
<testsuite name="MainKtTest" tests="1" skipped="0" failures="0" errors="0" timestamp="2022-10-16T19:16:11" hostname="LAPTOP-R0G8NQOH" time="0.354">
  <properties/>
  <testcase name="addComments" classname="MainKtTest" time="0.354"/>
  <system-out><![CDATA[]]></system-out>
  <system-err><![CDATA[]]></system-err>
</testsuite>
