<?xml version="1.0" encoding="UTF-8"?>
<testsuite name="MainKtTest" tests="3" skipped="0" failures="0" errors="0" timestamp="2022-10-10T15:31:02" hostname="LAPTOP-R0G8NQOH" time="0.161">
  <properties/>
  <testcase name="updateFalse" classname="MainKtTest" time="0.008"/>
  <testcase name="updateTrue" classname="MainKtTest" time="0.0"/>
  <testcase name="add" classname="MainKtTest" time="0.153"/>
  <system-out><![CDATA[]]></system-out>
  <system-err><![CDATA[]]></system-err>
</testsuite>
